<?xml version="1.0" encoding="UTF-8"?>
<!-- Generated by org.testng.reporters.JUnitReportReporter -->
<testsuite hostname="Admin" failures="0" tests="1" name="automation.testsuite.HandleDatepicker" time="9.475" errors="0" timestamp="2024-08-28T21:36:23 ICT" skipped="0">
  <testcase classname="automation.testsuite.HandleDatepicker" name="inputBirtday" time="9.475"/>
  <system-out/>
</testsuite> <!-- automation.testsuite.HandleDatepicker -->
