<?xml version="1.0" encoding="UTF-8"?>
<!-- Generated by org.testng.reporters.JUnitReportReporter -->
<testsuite hostname="Admin" failures="0" tests="3" name="automation.testsuite.Day16_Alert" time="67.077" errors="0" timestamp="2024-09-04T21:31:04 ICT" skipped="0">
  <testcase classname="automation.testsuite.Day16_Alert" name="verifyAlertMessage" time="13.230"/>
  <system-out/>
  <testcase classname="automation.testsuite.Day16_Alert" name="PressOKonAlert" time="10.645"/>
  <system-out/>
  <testcase classname="automation.testsuite.Day16_Alert" name="PressCancelonAlert" time="43.202"/>
  <system-out/>
</testsuite> <!-- automation.testsuite.Day16_Alert -->
