<?xml version="1.0" encoding="UTF-8"?>
<!-- Generated by org.testng.reporters.JUnitReportReporter -->
<testsuite hostname="Admin" failures="0" tests="1" name="automation.testsuite.PriceSortingCheck" time="3.195" errors="0" timestamp="2024-09-22T22:28:04 ICT" skipped="0">
  <testcase classname="automation.testsuite.PriceSortingCheck" name="testPriceSorting" time="3.195"/>
  <system-out/>
</testsuite> <!-- automation.testsuite.PriceSortingCheck -->
