<?xml version="1.0" encoding="UTF-8"?>
<!-- Generated by org.testng.reporters.JUnitReportReporter -->
<testsuite hostname="Admin" failures="0" tests="1" name="automation.testsuite.Alada__btvnDay16" time="78.764" errors="0" timestamp="2024-09-07T13:16:06 ICT" skipped="0">
  <testcase classname="automation.testsuite.Alada__btvnDay16" name="CapNhatThongTin" time="78.764"/>
  <system-out/>
</testsuite> <!-- automation.testsuite.Alada__btvnDay16 -->
