<?xml version="1.0" encoding="UTF-8"?>
<!-- Generated by org.testng.reporters.JUnitReportReporter -->
<testsuite hostname="Admin" failures="0" tests="1" name="automation.testsuite.Day16_iFrame" time="12.559" errors="0" timestamp="2024-09-12T21:34:49 ICT" skipped="0">
  <testcase classname="automation.testsuite.Day16_iFrame" name="handleframeDangkytuVan" time="12.559"/>
  <system-out/>
</testsuite> <!-- automation.testsuite.Day16_iFrame -->
