<?xml version="1.0" encoding="UTF-8"?>
<!-- Generated by org.testng.reporters.JUnitReportReporter -->
<testsuite hostname="Admin" failures="0" tests="2" name="automation.testsuite.Day16_iFrame" time="107.720" errors="0" timestamp="2024-09-17T21:53:31 ICT" skipped="0">
  <testcase classname="automation.testsuite.Day16_iFrame" name="findIndexIframe" time="96.401"/>
  <system-out/>
  <testcase classname="automation.testsuite.Day16_iFrame" name="handleframeDangkytuVan" time="11.319"/>
  <system-out/>
</testsuite> <!-- automation.testsuite.Day16_iFrame -->
