<?xml version="1.0" encoding="UTF-8"?>
<!-- Generated by org.testng.reporters.JUnitReportReporter -->
<testsuite hostname="Admin" failures="0" tests="2" name="automation.testsuite.Day12_radiobutton" time="16.561" errors="0" timestamp="2024-08-13T21:11:10 ICT" skipped="0">
  <testcase classname="automation.testsuite.Day12_radiobutton" name="case1_checkDefaultValue" time="11.461"/>
  <system-out/>
  <testcase classname="automation.testsuite.Day12_radiobutton" name="case2_checkRadioSuccessfully" time="5.100"/>
  <system-out/>
</testsuite> <!-- automation.testsuite.Day12_radiobutton -->
