<?xml version="1.0" encoding="UTF-8"?>
<!-- Generated by org.testng.reporters.JUnitReportReporter -->
<testsuite hostname="Admin" failures="0" tests="1" name="automation.testsuite.LoginTestFactory" time="21.294" errors="0" timestamp="2024-08-21T21:16:25 ICT" skipped="0">
  <testcase classname="automation.testsuite.LoginTestFactory" name="loginSuccess" time="21.294"/>
  <system-out/>
</testsuite> <!-- automation.testsuite.LoginTestFactory -->
