<?xml version="1.0" encoding="UTF-8"?>
<!-- Generated by org.testng.reporters.JUnitReportReporter -->
<testsuite hostname="Admin" failures="0" tests="1" name="automation.testsuite.seleniumpractise_BTVNDay16" time="39.466" errors="0" timestamp="2024-09-07T13:36:07 ICT" skipped="0">
  <testcase classname="automation.testsuite.seleniumpractise_BTVNDay16" name="ClickTryIt" time="39.466"/>
  <system-out/>
</testsuite> <!-- automation.testsuite.seleniumpractise_BTVNDay16 -->
