<?xml version="1.0" encoding="UTF-8"?>
<!-- Generated by org.testng.reporters.JUnitReportReporter -->
<testsuite hostname="Admin" failures="0" tests="1" name="automation.testsuite.Day16_WindowPopup" time="18.776" errors="0" timestamp="2024-09-11T19:55:01 ICT" skipped="0">
  <testcase classname="automation.testsuite.Day16_WindowPopup" name="handleWindow" time="18.776"/>
  <system-out/>
</testsuite> <!-- automation.testsuite.Day16_WindowPopup -->
