<?xml version="1.0" encoding="UTF-8"?>
<!-- Generated by org.testng.reporters.JUnitReportReporter -->
<testsuite hostname="Admin" failures="0" tests="2" name="automation.testsuite.MediamartIframe_btvnday16" time="71.455" errors="0" timestamp="2024-09-13T22:36:51 ICT" skipped="0">
  <testcase classname="automation.testsuite.MediamartIframe_btvnday16" name="SendMessageVerify" time="21.197"/>
  <system-out/>
  <testcase classname="automation.testsuite.MediamartIframe_btvnday16" name="VerifyIframe" time="50.258"/>
  <system-out/>
</testsuite> <!-- automation.testsuite.MediamartIframe_btvnday16 -->
