<?xml version="1.0" encoding="UTF-8"?>
<!-- Generated by org.testng.reporters.JUnitReportReporter -->
<testsuite hostname="Admin" failures="0" tests="1" name="automation.testsuite.Day12_dropdownlist" time="5.266" errors="0" timestamp="2024-08-13T20:37:44 ICT" skipped="0">
  <testcase classname="automation.testsuite.Day12_dropdownlist" name="case1_dropdownlist" time="5.266"/>
  <system-out/>
</testsuite> <!-- automation.testsuite.Day12_dropdownlist -->
