<?xml version="1.0" encoding="UTF-8"?>
<!-- Generated by org.testng.reporters.JUnitReportReporter -->
<testsuite hostname="Admin" failures="0" tests="2" name="automation.testsuite.day12_btvn" time="10.245" errors="0" timestamp="2024-08-13T21:10:22 ICT" skipped="0">
  <testcase classname="automation.testsuite.day12_btvn" name="case1_dropdownlistState" time="7.366"/>
  <system-out/>
  <testcase classname="automation.testsuite.day12_btvn" name="case2_checkboxHosting" time="2.879"/>
  <system-out/>
</testsuite> <!-- automation.testsuite.day12_btvn -->
