<?xml version="1.0" encoding="UTF-8"?>
<!-- Generated by org.testng.reporters.JUnitReportReporter -->
<testsuite hostname="Admin" failures="0" tests="1" name="automation.testsuite.Day8" time="23.724" errors="0" timestamp="2024-07-30T22:43:28 ICT" skipped="0">
  <testcase classname="automation.testsuite.Day8" name="getElementBy" time="23.724"/>
  <system-out/>
</testsuite> <!-- automation.testsuite.Day8 -->
