<?xml version="1.0" encoding="UTF-8"?>
<!-- Generated by org.testng.reporters.JUnitReportReporter -->
<testsuite hostname="Admin" failures="0" tests="4" name="automation.testsuite.day12_checkbox" time="29.790" errors="0" timestamp="2024-08-11T20:26:42 ICT" skipped="0">
  <testcase classname="automation.testsuite.day12_checkbox" name="case2_CheckTthischeckboxSuccessfully" time="17.942"/>
  <system-out/>
  <testcase classname="automation.testsuite.day12_checkbox" name="case2_CheckmultipleCheckboxSuccessfully" time="3.260"/>
  <system-out/>
  <testcase classname="automation.testsuite.day12_checkbox" name="case1_CheckmultipleCheckboxSuccessfully" time="4.454"/>
  <system-out/>
  <testcase classname="automation.testsuite.day12_checkbox" name="case1_CheckDefaultValue" time="4.134"/>
  <system-out/>
</testsuite> <!-- automation.testsuite.day12_checkbox -->
