<?xml version="1.0" encoding="UTF-8"?>
<!-- Generated by org.testng.reporters.JUnitReportReporter -->
<testsuite hostname="Admin" failures="0" tests="1" name="automation.testsuite.Register_BTVNday14" time="84.258" errors="0" timestamp="2024-08-27T23:11:29 ICT" skipped="0">
  <testcase classname="automation.testsuite.Register_BTVNday14" name="RegisterSuccess" time="84.258"/>
  <system-out/>
</testsuite> <!-- automation.testsuite.Register_BTVNday14 -->
