<?xml version="1.0" encoding="UTF-8"?>
<!-- Generated by org.testng.reporters.JUnitReportReporter -->
<testsuite hostname="Admin" failures="0" tests="4" name="automation.testsuite.LoginTest" time="234.981" errors="0" timestamp="2024-08-22T23:01:49 ICT" skipped="0">
  <testcase classname="automation.testsuite.LoginTest" name="loginSuccessfully" time="64.798"/>
  <system-out/>
  <testcase classname="automation.testsuite.LoginTest" name="loginFail_usernameNotExist" time="64.158"/>
  <system-out/>
  <testcase classname="automation.testsuite.LoginTest" name="loginFail_PasswordInvalid" time="63.389"/>
  <system-out/>
  <testcase classname="automation.testsuite.LoginTest" name="loginFail_LeaverBlank" time="42.636"/>
  <system-out/>
</testsuite> <!-- automation.testsuite.LoginTest -->
