<?xml version="1.0" encoding="UTF-8"?>
<!-- Generated by org.testng.reporters.JUnitReportReporter -->
<testsuite hostname="Admin" failures="0" tests="4" name="automation.testsuite.LoginTest" time="250.748" errors="0" timestamp="2024-08-18T21:23:48 ICT" skipped="0">
  <testcase classname="automation.testsuite.LoginTest" name="loginSuccessfully" time="67.986"/>
  <system-out/>
  <testcase classname="automation.testsuite.LoginTest" name="loginFail_PasswordInvalid" time="67.188"/>
  <system-out/>
  <testcase classname="automation.testsuite.LoginTest" name="loginFail_usernameNotExist" time="72.460"/>
  <system-out/>
  <testcase classname="automation.testsuite.LoginTest" name="loginFail_LeaverBlank" time="43.114"/>
  <system-out/>
</testsuite> <!-- automation.testsuite.LoginTest -->
