<?xml version="1.0" encoding="UTF-8"?>
<!-- Generated by org.testng.reporters.JUnitReportReporter -->
<testsuite hostname="Admin" failures="0" tests="2" name="automation.testsuite.UpdatePassWordTest_Day15" time="57.528" errors="0" timestamp="2024-09-03T21:24:53 ICT" skipped="0">
  <testcase classname="automation.testsuite.UpdatePassWordTest_Day15" name="SearchKhoahoc" time="26.790"/>
  <system-out/>
  <testcase classname="automation.testsuite.UpdatePassWordTest_Day15" name="UpdatePasswordSuccessfully" time="30.738"/>
  <system-out/>
</testsuite> <!-- automation.testsuite.UpdatePassWordTest_Day15 -->
